mode: atomic
github.com/cbsinteractive/bakery/parsers/urlparser.go:92.67,94.2 1 21
github.com/cbsinteractive/bakery/parsers/urlparser.go:100.62,106.40 5 56
github.com/cbsinteractive/bakery/parsers/urlparser.go:116.2,116.29 1 54
github.com/cbsinteractive/bakery/parsers/urlparser.go:219.2,221.36 2 35
github.com/cbsinteractive/bakery/parsers/urlparser.go:106.40,108.3 1 50
github.com/cbsinteractive/bakery/parsers/urlparser.go:108.8,108.46 1 6
github.com/cbsinteractive/bakery/parsers/urlparser.go:108.46,110.3 1 2
github.com/cbsinteractive/bakery/parsers/urlparser.go:110.8,110.46 1 4
github.com/cbsinteractive/bakery/parsers/urlparser.go:110.46,112.3 1 2
github.com/cbsinteractive/bakery/parsers/urlparser.go:112.8,114.3 1 2
github.com/cbsinteractive/bakery/parsers/urlparser.go:116.29,122.25 2 191
github.com/cbsinteractive/bakery/parsers/urlparser.go:130.3,134.34 4 66
github.com/cbsinteractive/bakery/parsers/urlparser.go:122.25,123.29 1 125
github.com/cbsinteractive/bakery/parsers/urlparser.go:126.4,127.12 2 123
github.com/cbsinteractive/bakery/parsers/urlparser.go:123.29,124.13 1 2
github.com/cbsinteractive/bakery/parsers/urlparser.go:135.12,136.37 1 18
github.com/cbsinteractive/bakery/parsers/urlparser.go:141.12,142.37 1 13
github.com/cbsinteractive/bakery/parsers/urlparser.go:147.12,148.37 1 4
github.com/cbsinteractive/bakery/parsers/urlparser.go:153.13,154.40 1 4
github.com/cbsinteractive/bakery/parsers/urlparser.go:161.12,162.33 1 1
github.com/cbsinteractive/bakery/parsers/urlparser.go:166.12,168.18 2 8
github.com/cbsinteractive/bakery/parsers/urlparser.go:172.4,175.5 1 4
github.com/cbsinteractive/bakery/parsers/urlparser.go:176.12,178.18 2 3
github.com/cbsinteractive/bakery/parsers/urlparser.go:182.4,185.5 1 1
github.com/cbsinteractive/bakery/parsers/urlparser.go:186.15,188.26 2 5
github.com/cbsinteractive/bakery/parsers/urlparser.go:189.14,190.38 1 3
github.com/cbsinteractive/bakery/parsers/urlparser.go:194.13,195.24 1 4
github.com/cbsinteractive/bakery/parsers/urlparser.go:199.4,200.18 2 3
github.com/cbsinteractive/bakery/parsers/urlparser.go:204.4,204.18 1 2
github.com/cbsinteractive/bakery/parsers/urlparser.go:205.14,206.24 1 3
github.com/cbsinteractive/bakery/parsers/urlparser.go:210.4,211.18 2 2
github.com/cbsinteractive/bakery/parsers/urlparser.go:215.4,215.33 1 2
github.com/cbsinteractive/bakery/parsers/urlparser.go:136.37,137.47 1 19
github.com/cbsinteractive/bakery/parsers/urlparser.go:137.47,139.6 1 4
github.com/cbsinteractive/bakery/parsers/urlparser.go:142.37,143.47 1 16
github.com/cbsinteractive/bakery/parsers/urlparser.go:143.47,145.6 1 3
github.com/cbsinteractive/bakery/parsers/urlparser.go:148.37,149.49 1 4
github.com/cbsinteractive/bakery/parsers/urlparser.go:149.49,151.6 1 2
github.com/cbsinteractive/bakery/parsers/urlparser.go:154.40,155.58 1 6
github.com/cbsinteractive/bakery/parsers/urlparser.go:159.5,159.59 1 5
github.com/cbsinteractive/bakery/parsers/urlparser.go:155.58,158.6 2 1
github.com/cbsinteractive/bakery/parsers/urlparser.go:162.33,165.5 2 1
github.com/cbsinteractive/bakery/parsers/urlparser.go:168.18,170.5 1 4
github.com/cbsinteractive/bakery/parsers/urlparser.go:178.18,180.5 1 2
github.com/cbsinteractive/bakery/parsers/urlparser.go:190.38,193.5 2 5
github.com/cbsinteractive/bakery/parsers/urlparser.go:195.24,197.5 1 1
github.com/cbsinteractive/bakery/parsers/urlparser.go:200.18,202.5 1 1
github.com/cbsinteractive/bakery/parsers/urlparser.go:206.24,208.5 1 1
github.com/cbsinteractive/bakery/parsers/urlparser.go:211.18,213.5 1 0
github.com/cbsinteractive/bakery/parsers/urlparser.go:224.56,228.24 3 125
github.com/cbsinteractive/bakery/parsers/urlparser.go:235.2,235.14 1 123
github.com/cbsinteractive/bakery/parsers/urlparser.go:228.24,229.58 1 2
github.com/cbsinteractive/bakery/parsers/urlparser.go:232.3,232.14 1 2
github.com/cbsinteractive/bakery/parsers/urlparser.go:229.58,231.4 1 4
github.com/cbsinteractive/bakery/parsers/urlparser.go:238.59,244.33 4 39
github.com/cbsinteractive/bakery/parsers/urlparser.go:254.2,255.24 2 39
github.com/cbsinteractive/bakery/parsers/urlparser.go:259.2,261.32 3 6
github.com/cbsinteractive/bakery/parsers/urlparser.go:271.2,271.22 1 6
github.com/cbsinteractive/bakery/parsers/urlparser.go:278.2,278.12 1 6
github.com/cbsinteractive/bakery/parsers/urlparser.go:244.33,247.3 2 17
github.com/cbsinteractive/bakery/parsers/urlparser.go:247.8,250.3 2 22
github.com/cbsinteractive/bakery/parsers/urlparser.go:255.24,257.3 1 33
github.com/cbsinteractive/bakery/parsers/urlparser.go:261.32,262.27 1 14
github.com/cbsinteractive/bakery/parsers/urlparser.go:262.27,265.4 2 6
github.com/cbsinteractive/bakery/parsers/urlparser.go:265.9,268.4 2 8
github.com/cbsinteractive/bakery/parsers/urlparser.go:271.22,273.17 2 14
github.com/cbsinteractive/bakery/parsers/urlparser.go:273.17,275.4 1 0
github.com/cbsinteractive/bakery/parsers/urlparser.go:282.71,283.13 1 47
github.com/cbsinteractive/bakery/parsers/urlparser.go:311.2,311.12 1 38
github.com/cbsinteractive/bakery/parsers/urlparser.go:284.12,285.28 1 28
github.com/cbsinteractive/bakery/parsers/urlparser.go:296.11,297.28 1 5
github.com/cbsinteractive/bakery/parsers/urlparser.go:300.11,302.17 2 14
github.com/cbsinteractive/bakery/parsers/urlparser.go:305.3,308.4 1 8
github.com/cbsinteractive/bakery/parsers/urlparser.go:285.28,286.13 1 34
github.com/cbsinteractive/bakery/parsers/urlparser.go:287.17,288.54 1 7
github.com/cbsinteractive/bakery/parsers/urlparser.go:289.12,290.46 1 27
github.com/cbsinteractive/bakery/parsers/urlparser.go:293.5,293.37 1 24
github.com/cbsinteractive/bakery/parsers/urlparser.go:290.46,292.6 1 3
github.com/cbsinteractive/bakery/parsers/urlparser.go:297.28,299.4 1 7
github.com/cbsinteractive/bakery/parsers/urlparser.go:302.17,304.4 1 6
github.com/cbsinteractive/bakery/parsers/urlparser.go:316.50,317.23 1 35
github.com/cbsinteractive/bakery/parsers/urlparser.go:321.2,321.30 1 4
github.com/cbsinteractive/bakery/parsers/urlparser.go:325.2,325.30 1 4
github.com/cbsinteractive/bakery/parsers/urlparser.go:329.2,329.18 1 4
github.com/cbsinteractive/bakery/parsers/urlparser.go:317.23,319.3 1 31
github.com/cbsinteractive/bakery/parsers/urlparser.go:321.30,323.3 1 2
github.com/cbsinteractive/bakery/parsers/urlparser.go:325.30,327.3 1 3
github.com/cbsinteractive/bakery/parsers/urlparser.go:333.71,337.21 3 25
github.com/cbsinteractive/bakery/parsers/urlparser.go:346.2,346.40 1 24
github.com/cbsinteractive/bakery/parsers/urlparser.go:355.2,355.39 1 23
github.com/cbsinteractive/bakery/parsers/urlparser.go:359.2,359.18 1 13
github.com/cbsinteractive/bakery/parsers/urlparser.go:337.21,339.17 2 23
github.com/cbsinteractive/bakery/parsers/urlparser.go:339.17,341.4 1 1
github.com/cbsinteractive/bakery/parsers/urlparser.go:342.8,344.3 1 2
github.com/cbsinteractive/bakery/parsers/urlparser.go:346.40,348.17 2 21
github.com/cbsinteractive/bakery/parsers/urlparser.go:348.17,350.4 1 1
github.com/cbsinteractive/bakery/parsers/urlparser.go:351.8,353.3 1 3
github.com/cbsinteractive/bakery/parsers/urlparser.go:355.39,357.3 1 10
github.com/cbsinteractive/bakery/parsers/urlparser.go:362.39,363.29 1 5
github.com/cbsinteractive/bakery/parsers/urlparser.go:363.29,364.14 1 6
github.com/cbsinteractive/bakery/parsers/urlparser.go:365.14,366.16 1 2
github.com/cbsinteractive/bakery/parsers/urlparser.go:367.18,368.19 1 2
github.com/cbsinteractive/bakery/parsers/urlparser.go:369.17,370.19 1 2
github.com/cbsinteractive/bakery/parsers/urlparser.go:376.44,377.20 1 4
github.com/cbsinteractive/bakery/parsers/urlparser.go:381.2,381.20 1 3
github.com/cbsinteractive/bakery/parsers/urlparser.go:377.20,379.3 1 1
github.com/cbsinteractive/bakery/parsers/urlparser.go:385.47,386.20 1 4
github.com/cbsinteractive/bakery/parsers/urlparser.go:390.2,390.23 1 3
github.com/cbsinteractive/bakery/parsers/urlparser.go:386.20,388.3 1 1
github.com/cbsinteractive/bakery/parsers/urlparser.go:393.60,394.11 1 5
github.com/cbsinteractive/bakery/parsers/urlparser.go:395.15,396.20 1 1
github.com/cbsinteractive/bakery/parsers/urlparser.go:397.14,398.19 1 3
github.com/cbsinteractive/bakery/parsers/urlparser.go:399.10,400.61 1 1
github.com/cbsinteractive/bakery/parsers/util.go:8.55,12.20 4 66
github.com/cbsinteractive/bakery/parsers/util.go:15.2,15.30 1 4
github.com/cbsinteractive/bakery/parsers/util.go:20.2,20.43 1 4
github.com/cbsinteractive/bakery/parsers/util.go:12.20,14.3 1 62
github.com/cbsinteractive/bakery/parsers/util.go:15.30,19.3 3 4
github.com/cbsinteractive/bakery/parsers/util.go:25.48,29.10 1 23
github.com/cbsinteractive/bakery/parsers/util.go:33.2,33.13 1 13
github.com/cbsinteractive/bakery/parsers/util.go:29.10,31.3 1 10
github.com/cbsinteractive/bakery/handlers/handler.go:15.48,16.71 1 13
github.com/cbsinteractive/bakery/handlers/handler.go:16.71,21.17 3 12
github.com/cbsinteractive/bakery/handlers/handler.go:28.3,29.17 2 10
github.com/cbsinteractive/bakery/handlers/handler.go:35.3,39.17 3 9
github.com/cbsinteractive/bakery/handlers/handler.go:46.3,46.33 1 9
github.com/cbsinteractive/bakery/handlers/handler.go:66.3,67.32 2 6
github.com/cbsinteractive/bakery/handlers/handler.go:80.3,81.17 2 6
github.com/cbsinteractive/bakery/handlers/handler.go:88.3,88.61 1 4
github.com/cbsinteractive/bakery/handlers/handler.go:93.3,93.34 1 4
github.com/cbsinteractive/bakery/handlers/handler.go:21.17,25.4 3 2
github.com/cbsinteractive/bakery/handlers/handler.go:29.17,33.4 3 1
github.com/cbsinteractive/bakery/handlers/handler.go:39.17,43.4 3 0
github.com/cbsinteractive/bakery/handlers/handler.go:46.33,47.43 1 3
github.com/cbsinteractive/bakery/handlers/handler.go:58.4,61.10 4 1
github.com/cbsinteractive/bakery/handlers/handler.go:47.43,48.34 1 2
github.com/cbsinteractive/bakery/handlers/handler.go:56.5,56.11 1 2
github.com/cbsinteractive/bakery/handlers/handler.go:49.30,51.52 2 1
github.com/cbsinteractive/bakery/handlers/handler.go:52.30,54.44 2 1
github.com/cbsinteractive/bakery/handlers/handler.go:68.28,70.59 2 2
github.com/cbsinteractive/bakery/handlers/handler.go:71.29,73.58 2 1
github.com/cbsinteractive/bakery/handlers/handler.go:74.28,76.46 2 3
github.com/cbsinteractive/bakery/handlers/handler.go:81.17,85.4 3 2
github.com/cbsinteractive/bakery/handlers/handler.go:88.61,90.4 1 0
github.com/cbsinteractive/bakery/handlers/healthcheck.go:23.77,25.16 2 1
github.com/cbsinteractive/bakery/handlers/healthcheck.go:29.2,30.15 2 1
github.com/cbsinteractive/bakery/handlers/healthcheck.go:25.16,28.3 2 0
github.com/cbsinteractive/bakery/handlers/error.go:24.64,35.2 3 6
github.com/cbsinteractive/bakery/handlers/error.go:38.91,41.2 2 6
github.com/cbsinteractive/bakery/handlers/error.go:43.66,45.16 2 6
github.com/cbsinteractive/bakery/handlers/error.go:49.2,49.36 1 6
github.com/cbsinteractive/bakery/handlers/error.go:45.16,48.3 2 0
github.com/cbsinteractive/bakery/config/client.go:23.41,28.2 2 2
github.com/cbsinteractive/bakery/config/config.go:32.35,35.16 3 2
github.com/cbsinteractive/bakery/config/config.go:39.2,44.54 4 2
github.com/cbsinteractive/bakery/config/config.go:35.16,37.3 1 0
github.com/cbsinteractive/bakery/config/config.go:48.36,50.2 1 5
github.com/cbsinteractive/bakery/config/config.go:53.44,55.44 2 4
github.com/cbsinteractive/bakery/config/config.go:59.2,63.15 1 4
github.com/cbsinteractive/bakery/config/config.go:55.44,57.3 1 1
github.com/cbsinteractive/bakery/config/config.go:67.44,68.39 1 5
github.com/cbsinteractive/bakery/config/config.go:72.2,72.46 1 4
github.com/cbsinteractive/bakery/config/config.go:76.2,76.12 1 1
github.com/cbsinteractive/bakery/config/config.go:68.39,70.3 1 1
github.com/cbsinteractive/bakery/config/config.go:72.46,74.3 1 3
github.com/cbsinteractive/bakery/config/config.go:80.47,84.106 3 3
github.com/cbsinteractive/bakery/config/config.go:96.2,101.14 4 3
github.com/cbsinteractive/bakery/config/config.go:84.106,95.3 1 3
github.com/cbsinteractive/bakery/config/config.go:105.66,106.46 1 3
github.com/cbsinteractive/bakery/config/config.go:106.46,107.72 1 3
github.com/cbsinteractive/bakery/config/config.go:107.72,108.67 1 3
github.com/cbsinteractive/bakery/config/config.go:115.4,115.24 1 2
github.com/cbsinteractive/bakery/config/config.go:108.67,114.5 3 1
github.com/cbsinteractive/bakery/config/propeller.go:21.38,23.2 1 0
github.com/cbsinteractive/bakery/config/propeller.go:25.77,26.16 1 2
github.com/cbsinteractive/bakery/config/propeller.go:30.2,30.35 1 1
github.com/cbsinteractive/bakery/config/propeller.go:34.2,35.16 2 1
github.com/cbsinteractive/bakery/config/propeller.go:39.2,40.16 2 1
github.com/cbsinteractive/bakery/config/propeller.go:44.2,51.12 2 1
github.com/cbsinteractive/bakery/config/propeller.go:26.16,28.3 1 1
github.com/cbsinteractive/bakery/config/propeller.go:30.35,32.3 1 0
github.com/cbsinteractive/bakery/config/propeller.go:35.16,37.3 1 0
github.com/cbsinteractive/bakery/config/propeller.go:40.16,42.3 1 0
github.com/cbsinteractive/bakery/config/tracer.go:16.61,19.18 2 2
github.com/cbsinteractive/bakery/config/tracer.go:28.2,29.16 2 2
github.com/cbsinteractive/bakery/config/tracer.go:33.2,33.15 1 2
github.com/cbsinteractive/bakery/config/tracer.go:19.18,24.3 1 0
github.com/cbsinteractive/bakery/config/tracer.go:24.8,26.3 1 2
github.com/cbsinteractive/bakery/config/tracer.go:29.16,31.3 1 0
github.com/cbsinteractive/bakery/origin/origin.go:39.83,40.41 1 11
github.com/cbsinteractive/bakery/origin/origin.go:45.2,45.108 1 4
github.com/cbsinteractive/bakery/origin/origin.go:53.2,53.45 1 4
github.com/cbsinteractive/bakery/origin/origin.go:40.41,42.3 1 7
github.com/cbsinteractive/bakery/origin/origin.go:45.108,47.17 2 2
github.com/cbsinteractive/bakery/origin/origin.go:50.3,50.21 1 2
github.com/cbsinteractive/bakery/origin/origin.go:47.17,49.4 1 0
github.com/cbsinteractive/bakery/origin/origin.go:58.70,60.16 2 4
github.com/cbsinteractive/bakery/origin/origin.go:64.2,64.34 1 3
github.com/cbsinteractive/bakery/origin/origin.go:68.2,71.8 1 2
github.com/cbsinteractive/bakery/origin/origin.go:60.16,62.3 1 1
github.com/cbsinteractive/bakery/origin/origin.go:64.34,66.3 1 1
github.com/cbsinteractive/bakery/origin/origin.go:75.49,76.19 1 4
github.com/cbsinteractive/bakery/origin/origin.go:80.2,80.32 1 2
github.com/cbsinteractive/bakery/origin/origin.go:76.19,78.3 1 2
github.com/cbsinteractive/bakery/origin/origin.go:84.109,86.2 1 2
github.com/cbsinteractive/bakery/origin/origin.go:88.100,90.16 2 4
github.com/cbsinteractive/bakery/origin/origin.go:94.2,98.16 4 4
github.com/cbsinteractive/bakery/origin/origin.go:101.2,104.16 3 4
github.com/cbsinteractive/bakery/origin/origin.go:108.2,109.62 2 4
github.com/cbsinteractive/bakery/origin/origin.go:116.2,120.8 1 4
github.com/cbsinteractive/bakery/origin/origin.go:90.16,92.3 1 0
github.com/cbsinteractive/bakery/origin/origin.go:98.16,100.3 1 0
github.com/cbsinteractive/bakery/origin/origin.go:104.16,106.3 1 0
github.com/cbsinteractive/bakery/origin/origin.go:109.62,111.17 2 0
github.com/cbsinteractive/bakery/origin/origin.go:111.17,113.4 1 0
github.com/cbsinteractive/bakery/origin/origin.go:123.60,126.16 3 2
github.com/cbsinteractive/bakery/origin/origin.go:130.2,130.25 1 2
github.com/cbsinteractive/bakery/origin/origin.go:126.16,128.3 1 0
github.com/cbsinteractive/bakery/origin/propeller.go:39.92,40.30 1 7
github.com/cbsinteractive/bakery/origin/propeller.go:44.2,47.16 3 6
github.com/cbsinteractive/bakery/origin/propeller.go:51.2,57.18 6 6
github.com/cbsinteractive/bakery/origin/propeller.go:67.2,67.37 1 6
github.com/cbsinteractive/bakery/origin/propeller.go:40.30,42.3 1 1
github.com/cbsinteractive/bakery/origin/propeller.go:47.16,49.3 1 0
github.com/cbsinteractive/bakery/origin/propeller.go:57.18,60.3 2 1
github.com/cbsinteractive/bakery/origin/propeller.go:60.8,60.27 1 5
github.com/cbsinteractive/bakery/origin/propeller.go:60.27,63.3 2 3
github.com/cbsinteractive/bakery/origin/propeller.go:63.8,66.3 2 2
github.com/cbsinteractive/bakery/origin/propeller.go:71.95,73.16 2 8
github.com/cbsinteractive/bakery/origin/propeller.go:77.2,79.8 1 6
github.com/cbsinteractive/bakery/origin/propeller.go:73.16,75.3 1 2
github.com/cbsinteractive/bakery/origin/propeller.go:83.45,85.2 1 1
github.com/cbsinteractive/bakery/origin/propeller.go:88.105,90.2 1 2
github.com/cbsinteractive/bakery/origin/propeller.go:96.65,98.41 2 6
github.com/cbsinteractive/bakery/origin/propeller.go:110.2,110.73 1 0
github.com/cbsinteractive/bakery/origin/propeller.go:98.41,100.22 2 13
github.com/cbsinteractive/bakery/origin/propeller.go:103.3,103.46 1 6
github.com/cbsinteractive/bakery/origin/propeller.go:108.3,108.21 1 6
github.com/cbsinteractive/bakery/origin/propeller.go:100.22,101.12 1 7
github.com/cbsinteractive/bakery/origin/propeller.go:103.46,104.14 1 26
github.com/cbsinteractive/bakery/origin/propeller.go:104.14,106.5 1 20
github.com/cbsinteractive/bakery/origin/propeller.go:134.96,136.16 2 15
github.com/cbsinteractive/bakery/origin/propeller.go:139.2,139.26 1 13
github.com/cbsinteractive/bakery/origin/propeller.go:136.16,138.3 1 2
github.com/cbsinteractive/bakery/origin/propeller.go:142.78,145.48 1 13
github.com/cbsinteractive/bakery/origin/propeller.go:148.2,148.22 1 10
github.com/cbsinteractive/bakery/origin/propeller.go:151.2,151.31 1 8
github.com/cbsinteractive/bakery/origin/propeller.go:158.2,158.33 1 7
github.com/cbsinteractive/bakery/origin/propeller.go:145.48,147.3 1 3
github.com/cbsinteractive/bakery/origin/propeller.go:148.22,150.3 1 2
github.com/cbsinteractive/bakery/origin/propeller.go:151.31,152.29 1 1
github.com/cbsinteractive/bakery/origin/propeller.go:156.3,156.66 1 1
github.com/cbsinteractive/bakery/origin/propeller.go:152.29,154.4 1 0
github.com/cbsinteractive/bakery/origin/propeller.go:171.95,173.16 2 16
github.com/cbsinteractive/bakery/origin/propeller.go:176.2,177.19 2 13
github.com/cbsinteractive/bakery/origin/propeller.go:180.2,180.35 1 12
github.com/cbsinteractive/bakery/origin/propeller.go:173.16,175.3 1 3
github.com/cbsinteractive/bakery/origin/propeller.go:177.19,179.3 1 1
github.com/cbsinteractive/bakery/origin/propeller.go:183.111,184.56 1 12
github.com/cbsinteractive/bakery/origin/propeller.go:190.2,190.30 1 9
github.com/cbsinteractive/bakery/origin/propeller.go:193.2,193.30 1 7
github.com/cbsinteractive/bakery/origin/propeller.go:196.2,196.51 1 0
github.com/cbsinteractive/bakery/origin/propeller.go:184.56,185.28 1 3
github.com/cbsinteractive/bakery/origin/propeller.go:188.3,188.28 1 3
github.com/cbsinteractive/bakery/origin/propeller.go:185.28,187.4 1 0
github.com/cbsinteractive/bakery/origin/propeller.go:190.30,192.3 1 2
github.com/cbsinteractive/bakery/origin/propeller.go:193.30,195.3 1 7
github.com/cbsinteractive/bakery/origin/propeller.go:203.138,205.42 2 5
github.com/cbsinteractive/bakery/origin/propeller.go:216.2,216.16 1 0
github.com/cbsinteractive/bakery/origin/propeller.go:205.42,211.21 3 5
github.com/cbsinteractive/bakery/origin/propeller.go:214.3,214.22 1 2
github.com/cbsinteractive/bakery/origin/propeller.go:211.21,213.4 1 3
github.com/cbsinteractive/bakery/origin/propeller.go:227.93,229.16 2 10
github.com/cbsinteractive/bakery/origin/propeller.go:232.2,232.23 1 9
github.com/cbsinteractive/bakery/origin/propeller.go:229.16,231.3 1 1
github.com/cbsinteractive/bakery/origin/propeller.go:235.69,237.16 2 9
github.com/cbsinteractive/bakery/origin/propeller.go:240.2,241.20 2 7
github.com/cbsinteractive/bakery/origin/propeller.go:244.2,244.22 1 4
github.com/cbsinteractive/bakery/origin/propeller.go:237.16,239.3 1 2
github.com/cbsinteractive/bakery/origin/propeller.go:241.20,243.3 1 3
github.com/cbsinteractive/bakery/filters/hls.go:46.80,52.2 1 82
github.com/cbsinteractive/bakery/filters/hls.go:55.40,57.2 1 10
github.com/cbsinteractive/bakery/filters/hls.go:61.103,63.16 2 82
github.com/cbsinteractive/bakery/filters/hls.go:67.2,67.33 1 82
github.com/cbsinteractive/bakery/filters/hls.go:75.2,80.39 4 69
github.com/cbsinteractive/bakery/filters/hls.go:92.2,93.38 2 67
github.com/cbsinteractive/bakery/filters/hls.go:136.2,136.39 1 64
github.com/cbsinteractive/bakery/filters/hls.go:63.16,65.3 1 0
github.com/cbsinteractive/bakery/filters/hls.go:67.33,68.26 1 13
github.com/cbsinteractive/bakery/filters/hls.go:71.3,71.34 1 2
github.com/cbsinteractive/bakery/filters/hls.go:68.26,70.4 1 11
github.com/cbsinteractive/bakery/filters/hls.go:80.39,82.17 2 6
github.com/cbsinteractive/bakery/filters/hls.go:86.3,86.15 1 4
github.com/cbsinteractive/bakery/filters/hls.go:82.17,84.4 1 2
github.com/cbsinteractive/bakery/filters/hls.go:93.38,94.36 1 456
github.com/cbsinteractive/bakery/filters/hls.go:98.3,98.43 1 444
github.com/cbsinteractive/bakery/filters/hls.go:102.3,103.18 2 441
github.com/cbsinteractive/bakery/filters/hls.go:107.3,108.17 2 440
github.com/cbsinteractive/bakery/filters/hls.go:112.3,113.17 2 438
github.com/cbsinteractive/bakery/filters/hls.go:117.3,117.22 1 438
github.com/cbsinteractive/bakery/filters/hls.go:121.3,122.26 2 309
github.com/cbsinteractive/bakery/filters/hls.go:133.3,133.93 1 309
github.com/cbsinteractive/bakery/filters/hls.go:94.36,95.12 1 12
github.com/cbsinteractive/bakery/filters/hls.go:98.43,99.12 1 3
github.com/cbsinteractive/bakery/filters/hls.go:103.18,105.4 1 1
github.com/cbsinteractive/bakery/filters/hls.go:108.17,110.4 1 2
github.com/cbsinteractive/bakery/filters/hls.go:113.17,115.4 1 0
github.com/cbsinteractive/bakery/filters/hls.go:117.22,118.12 1 129
github.com/cbsinteractive/bakery/filters/hls.go:122.26,124.18 2 41
github.com/cbsinteractive/bakery/filters/hls.go:127.4,128.18 2 41
github.com/cbsinteractive/bakery/filters/hls.go:124.18,126.5 1 0
github.com/cbsinteractive/bakery/filters/hls.go:128.18,130.5 1 0
github.com/cbsinteractive/bakery/filters/hls.go:141.79,148.2 5 69
github.com/cbsinteractive/bakery/filters/hls.go:150.91,152.16 2 6
github.com/cbsinteractive/bakery/filters/hls.go:156.2,157.16 2 6
github.com/cbsinteractive/bakery/filters/hls.go:161.2,162.16 2 6
github.com/cbsinteractive/bakery/filters/hls.go:166.2,166.13 1 4
github.com/cbsinteractive/bakery/filters/hls.go:170.2,170.28 1 3
github.com/cbsinteractive/bakery/filters/hls.go:152.16,154.3 1 0
github.com/cbsinteractive/bakery/filters/hls.go:157.16,159.3 1 0
github.com/cbsinteractive/bakery/filters/hls.go:162.16,164.3 1 2
github.com/cbsinteractive/bakery/filters/hls.go:166.13,168.3 1 1
github.com/cbsinteractive/bakery/filters/hls.go:174.97,179.14 2 438
github.com/cbsinteractive/bakery/filters/hls.go:183.2,183.68 1 436
github.com/cbsinteractive/bakery/filters/hls.go:189.2,189.34 1 425
github.com/cbsinteractive/bakery/filters/hls.go:200.2,200.34 1 383
github.com/cbsinteractive/bakery/filters/hls.go:211.2,211.36 1 328
github.com/cbsinteractive/bakery/filters/hls.go:222.2,222.30 1 317
github.com/cbsinteractive/bakery/filters/hls.go:230.2,230.72 1 307
github.com/cbsinteractive/bakery/filters/hls.go:234.2,234.19 1 307
github.com/cbsinteractive/bakery/filters/hls.go:179.14,181.3 1 2
github.com/cbsinteractive/bakery/filters/hls.go:183.68,184.87 1 62
github.com/cbsinteractive/bakery/filters/hls.go:184.87,186.4 1 11
github.com/cbsinteractive/bakery/filters/hls.go:189.34,191.44 2 126
github.com/cbsinteractive/bakery/filters/hls.go:194.3,195.10 2 126
github.com/cbsinteractive/bakery/filters/hls.go:191.44,193.4 1 234
github.com/cbsinteractive/bakery/filters/hls.go:195.10,197.4 1 42
github.com/cbsinteractive/bakery/filters/hls.go:200.34,202.44 2 128
github.com/cbsinteractive/bakery/filters/hls.go:205.3,206.10 2 128
github.com/cbsinteractive/bakery/filters/hls.go:202.44,204.4 1 248
github.com/cbsinteractive/bakery/filters/hls.go:206.10,208.4 1 55
github.com/cbsinteractive/bakery/filters/hls.go:211.36,213.46 2 45
github.com/cbsinteractive/bakery/filters/hls.go:216.3,217.10 2 45
github.com/cbsinteractive/bakery/filters/hls.go:213.46,215.4 1 54
github.com/cbsinteractive/bakery/filters/hls.go:217.10,219.4 1 11
github.com/cbsinteractive/bakery/filters/hls.go:222.30,223.61 1 15
github.com/cbsinteractive/bakery/filters/hls.go:223.61,225.4 1 10
github.com/cbsinteractive/bakery/filters/hls.go:230.72,232.3 1 21
github.com/cbsinteractive/bakery/filters/hls.go:238.111,239.38 1 62
github.com/cbsinteractive/bakery/filters/hls.go:266.2,266.14 1 51
github.com/cbsinteractive/bakery/filters/hls.go:239.38,242.10 2 103
github.com/cbsinteractive/bakery/filters/hls.go:261.3,261.28 1 90
github.com/cbsinteractive/bakery/filters/hls.go:243.28,244.37 1 52
github.com/cbsinteractive/bakery/filters/hls.go:248.4,249.36 2 52
github.com/cbsinteractive/bakery/filters/hls.go:250.28,251.37 1 41
github.com/cbsinteractive/bakery/filters/hls.go:255.4,256.36 2 38
github.com/cbsinteractive/bakery/filters/hls.go:257.11,258.12 1 10
github.com/cbsinteractive/bakery/filters/hls.go:244.37,245.13 1 0
github.com/cbsinteractive/bakery/filters/hls.go:251.37,252.13 1 3
github.com/cbsinteractive/bakery/filters/hls.go:261.28,263.4 1 11
github.com/cbsinteractive/bakery/filters/hls.go:270.181,275.12 3 299
github.com/cbsinteractive/bakery/filters/hls.go:279.2,280.38 2 299
github.com/cbsinteractive/bakery/filters/hls.go:291.2,291.26 1 299
github.com/cbsinteractive/bakery/filters/hls.go:275.12,277.3 1 0
github.com/cbsinteractive/bakery/filters/hls.go:280.38,281.29 1 521
github.com/cbsinteractive/bakery/filters/hls.go:281.29,282.36 1 236
github.com/cbsinteractive/bakery/filters/hls.go:282.36,283.46 1 346
github.com/cbsinteractive/bakery/filters/hls.go:283.46,285.11 2 122
github.com/cbsinteractive/bakery/filters/hls.go:294.73,297.32 2 15
github.com/cbsinteractive/bakery/filters/hls.go:303.2,303.14 1 5
github.com/cbsinteractive/bakery/filters/hls.go:297.32,298.27 1 24
github.com/cbsinteractive/bakery/filters/hls.go:298.27,300.4 1 10
github.com/cbsinteractive/bakery/filters/hls.go:307.91,308.27 1 21
github.com/cbsinteractive/bakery/filters/hls.go:312.2,312.60 1 21
github.com/cbsinteractive/bakery/filters/hls.go:326.2,328.37 3 21
github.com/cbsinteractive/bakery/filters/hls.go:346.2,347.43 2 21
github.com/cbsinteractive/bakery/filters/hls.go:350.2,350.45 1 21
github.com/cbsinteractive/bakery/filters/hls.go:353.2,353.52 1 21
github.com/cbsinteractive/bakery/filters/hls.go:308.27,310.3 1 0
github.com/cbsinteractive/bakery/filters/hls.go:312.60,313.19 1 98
github.com/cbsinteractive/bakery/filters/hls.go:317.3,317.30 1 91
github.com/cbsinteractive/bakery/filters/hls.go:323.3,323.15 1 21
github.com/cbsinteractive/bakery/filters/hls.go:313.19,315.4 1 7
github.com/cbsinteractive/bakery/filters/hls.go:317.30,318.53 1 203
github.com/cbsinteractive/bakery/filters/hls.go:318.53,320.5 1 70
github.com/cbsinteractive/bakery/filters/hls.go:328.37,330.19 2 98
github.com/cbsinteractive/bakery/filters/hls.go:339.3,339.14 1 98
github.com/cbsinteractive/bakery/filters/hls.go:331.16,332.48 1 70
github.com/cbsinteractive/bakery/filters/hls.go:333.20,334.50 1 21
github.com/cbsinteractive/bakery/filters/hls.go:335.26,336.50 1 7
github.com/cbsinteractive/bakery/filters/hls.go:339.14,342.4 2 28
github.com/cbsinteractive/bakery/filters/hls.go:347.43,349.3 1 7
github.com/cbsinteractive/bakery/filters/hls.go:350.45,352.3 1 14
github.com/cbsinteractive/bakery/filters/hls.go:353.52,355.3 1 21
github.com/cbsinteractive/bakery/filters/hls.go:358.96,359.49 1 440
github.com/cbsinteractive/bakery/filters/hls.go:367.2,368.17 2 439
github.com/cbsinteractive/bakery/filters/hls.go:371.2,372.15 2 438
github.com/cbsinteractive/bakery/filters/hls.go:359.49,361.18 2 234
github.com/cbsinteractive/bakery/filters/hls.go:364.3,364.15 1 233
github.com/cbsinteractive/bakery/filters/hls.go:361.18,363.4 1 1
github.com/cbsinteractive/bakery/filters/hls.go:368.17,370.3 1 1
github.com/cbsinteractive/bakery/filters/hls.go:375.104,380.16 5 42
github.com/cbsinteractive/bakery/filters/hls.go:384.2,384.9 1 42
github.com/cbsinteractive/bakery/filters/hls.go:393.2,393.103 1 22
github.com/cbsinteractive/bakery/filters/hls.go:380.16,382.3 1 0
github.com/cbsinteractive/bakery/filters/hls.go:385.55,386.125 1 5
github.com/cbsinteractive/bakery/filters/hls.go:387.30,388.115 1 5
github.com/cbsinteractive/bakery/filters/hls.go:389.29,390.114 1 10
github.com/cbsinteractive/bakery/filters/hls.go:396.71,397.19 1 746
github.com/cbsinteractive/bakery/filters/hls.go:400.2,401.16 2 662
github.com/cbsinteractive/bakery/filters/hls.go:404.2,404.14 1 660
github.com/cbsinteractive/bakery/filters/hls.go:411.2,411.17 1 587
github.com/cbsinteractive/bakery/filters/hls.go:397.19,399.3 1 84
github.com/cbsinteractive/bakery/filters/hls.go:401.16,403.3 1 2
github.com/cbsinteractive/bakery/filters/hls.go:404.14,406.17 2 73
github.com/cbsinteractive/bakery/filters/hls.go:409.3,409.32 1 73
github.com/cbsinteractive/bakery/filters/hls.go:406.17,408.4 1 0
github.com/cbsinteractive/bakery/filters/hls.go:414.46,416.14 2 662
github.com/cbsinteractive/bakery/filters/hls.go:419.2,419.24 1 660
github.com/cbsinteractive/bakery/filters/hls.go:416.14,418.3 1 2
github.com/cbsinteractive/bakery/filters/hls.go:424.113,426.16 2 11
github.com/cbsinteractive/bakery/filters/hls.go:431.2,439.37 5 11
github.com/cbsinteractive/bakery/filters/hls.go:474.2,477.52 3 11
github.com/cbsinteractive/bakery/filters/hls.go:426.16,428.3 1 0
github.com/cbsinteractive/bakery/filters/hls.go:439.37,440.21 1 11264
github.com/cbsinteractive/bakery/filters/hls.go:444.3,444.51 1 116
github.com/cbsinteractive/bakery/filters/hls.go:448.3,448.57 1 116
github.com/cbsinteractive/bakery/filters/hls.go:456.3,457.74 2 107
github.com/cbsinteractive/bakery/filters/hls.go:463.3,463.13 1 107
github.com/cbsinteractive/bakery/filters/hls.go:469.3,469.43 1 107
github.com/cbsinteractive/bakery/filters/hls.go:440.21,441.12 1 11148
github.com/cbsinteractive/bakery/filters/hls.go:444.51,446.4 1 28
github.com/cbsinteractive/bakery/filters/hls.go:448.57,449.80 1 9
github.com/cbsinteractive/bakery/filters/hls.go:452.4,452.12 1 9
github.com/cbsinteractive/bakery/filters/hls.go:449.80,451.5 1 0
github.com/cbsinteractive/bakery/filters/hls.go:457.74,461.4 2 54
github.com/cbsinteractive/bakery/filters/hls.go:463.13,464.80 1 58
github.com/cbsinteractive/bakery/filters/hls.go:464.80,466.5 1 0
github.com/cbsinteractive/bakery/filters/hls.go:469.43,471.4 1 10
github.com/cbsinteractive/bakery/filters/hls.go:480.40,490.24 3 13
github.com/cbsinteractive/bakery/filters/hls.go:494.2,494.15 1 13
github.com/cbsinteractive/bakery/filters/hls.go:490.24,492.3 1 1
github.com/cbsinteractive/bakery/filters/hls.go:499.88,501.16 2 67
github.com/cbsinteractive/bakery/filters/hls.go:505.2,506.16 2 67
github.com/cbsinteractive/bakery/filters/hls.go:510.2,511.16 2 67
github.com/cbsinteractive/bakery/filters/hls.go:515.2,515.12 1 67
github.com/cbsinteractive/bakery/filters/hls.go:501.16,503.3 1 0
github.com/cbsinteractive/bakery/filters/hls.go:506.16,508.3 1 0
github.com/cbsinteractive/bakery/filters/hls.go:511.16,513.3 1 0
github.com/cbsinteractive/bakery/filters/hls.go:519.52,522.2 2 514
github.com/cbsinteractive/bakery/filters/hls.go:526.175,527.37 1 41
github.com/cbsinteractive/bakery/filters/hls.go:540.2,540.33 1 41
github.com/cbsinteractive/bakery/filters/hls.go:527.37,528.58 1 7
github.com/cbsinteractive/bakery/filters/hls.go:531.3,531.30 1 1
github.com/cbsinteractive/bakery/filters/hls.go:528.58,529.12 1 6
github.com/cbsinteractive/bakery/filters/hls.go:531.30,533.18 2 1
github.com/cbsinteractive/bakery/filters/hls.go:536.4,537.49 2 1
github.com/cbsinteractive/bakery/filters/hls.go:533.18,535.5 1 0
github.com/cbsinteractive/bakery/filters/hls.go:543.40,545.2 1 24
github.com/cbsinteractive/bakery/filters/hls.go:547.61,548.62 1 456
github.com/cbsinteractive/bakery/filters/hls.go:552.2,552.60 1 453
github.com/cbsinteractive/bakery/filters/hls.go:556.2,556.13 1 444
github.com/cbsinteractive/bakery/filters/hls.go:548.62,550.3 1 3
github.com/cbsinteractive/bakery/filters/hls.go:552.60,554.3 1 9
github.com/cbsinteractive/bakery/filters/hls.go:560.101,562.16 2 6
github.com/cbsinteractive/bakery/filters/hls.go:566.2,567.16 2 6
github.com/cbsinteractive/bakery/filters/hls.go:571.2,571.43 1 5
github.com/cbsinteractive/bakery/filters/hls.go:579.2,579.40 1 3
github.com/cbsinteractive/bakery/filters/hls.go:583.2,583.75 1 2
github.com/cbsinteractive/bakery/filters/hls.go:562.16,564.3 1 0
github.com/cbsinteractive/bakery/filters/hls.go:567.16,569.3 1 1
github.com/cbsinteractive/bakery/filters/hls.go:571.43,572.16 1 2
github.com/cbsinteractive/bakery/filters/hls.go:576.3,576.80 1 1
github.com/cbsinteractive/bakery/filters/hls.go:572.16,574.4 1 1
github.com/cbsinteractive/bakery/filters/hls.go:579.40,581.3 1 1
github.com/cbsinteractive/bakery/filters/hls.go:586.78,588.16 2 2
github.com/cbsinteractive/bakery/filters/hls.go:592.2,597.34 4 2
github.com/cbsinteractive/bakery/filters/hls.go:588.16,590.3 1 0
github.com/cbsinteractive/bakery/filters/plugins.go:13.41,14.42 1 2
github.com/cbsinteractive/bakery/filters/plugins.go:14.42,15.44 1 2
github.com/cbsinteractive/bakery/filters/plugins.go:15.44,16.49 1 2
github.com/cbsinteractive/bakery/filters/plugins.go:16.49,17.90 1 1
github.com/cbsinteractive/bakery/filters/plugins.go:17.90,19.6 1 1
github.com/cbsinteractive/bakery/filters/vtt.go:21.80,27.2 1 1
github.com/cbsinteractive/bakery/filters/vtt.go:31.103,33.2 1 1
github.com/cbsinteractive/bakery/filters/vtt.go:37.40,39.2 1 0
github.com/cbsinteractive/bakery/filters/dash.go:26.82,32.2 1 43
github.com/cbsinteractive/bakery/filters/dash.go:36.41,38.2 1 1
github.com/cbsinteractive/bakery/filters/dash.go:41.102,43.16 2 42
github.com/cbsinteractive/bakery/filters/dash.go:47.2,48.16 2 42
github.com/cbsinteractive/bakery/filters/dash.go:52.2,52.43 1 42
github.com/cbsinteractive/bakery/filters/dash.go:62.2,62.28 1 42
github.com/cbsinteractive/bakery/filters/dash.go:68.2,68.47 1 42
github.com/cbsinteractive/bakery/filters/dash.go:72.2,72.41 1 42
github.com/cbsinteractive/bakery/filters/dash.go:78.2,78.33 1 42
github.com/cbsinteractive/bakery/filters/dash.go:43.16,45.3 1 0
github.com/cbsinteractive/bakery/filters/dash.go:48.16,50.3 1 0
github.com/cbsinteractive/bakery/filters/dash.go:52.43,60.3 7 2
github.com/cbsinteractive/bakery/filters/dash.go:62.28,64.3 1 1
github.com/cbsinteractive/bakery/filters/dash.go:64.8,64.57 1 41
github.com/cbsinteractive/bakery/filters/dash.go:64.57,66.3 1 1
github.com/cbsinteractive/bakery/filters/dash.go:68.47,70.3 1 29
github.com/cbsinteractive/bakery/filters/dash.go:72.41,73.41 1 2
github.com/cbsinteractive/bakery/filters/dash.go:73.41,75.4 1 2
github.com/cbsinteractive/bakery/filters/dash.go:81.77,83.66 2 42
github.com/cbsinteractive/bakery/filters/dash.go:87.2,87.68 1 42
github.com/cbsinteractive/bakery/filters/dash.go:91.2,91.34 1 42
github.com/cbsinteractive/bakery/filters/dash.go:95.2,95.34 1 42
github.com/cbsinteractive/bakery/filters/dash.go:99.2,99.36 1 42
github.com/cbsinteractive/bakery/filters/dash.go:103.2,103.30 1 42
github.com/cbsinteractive/bakery/filters/dash.go:107.2,107.72 1 42
github.com/cbsinteractive/bakery/filters/dash.go:111.2,111.19 1 42
github.com/cbsinteractive/bakery/filters/dash.go:83.66,85.3 1 3
github.com/cbsinteractive/bakery/filters/dash.go:87.68,89.3 1 8
github.com/cbsinteractive/bakery/filters/dash.go:91.34,93.3 1 6
github.com/cbsinteractive/bakery/filters/dash.go:95.34,97.3 1 3
github.com/cbsinteractive/bakery/filters/dash.go:99.36,101.3 1 3
github.com/cbsinteractive/bakery/filters/dash.go:103.30,105.3 1 3
github.com/cbsinteractive/bakery/filters/dash.go:107.72,109.3 1 3
github.com/cbsinteractive/bakery/filters/dash.go:114.89,116.50 2 6
github.com/cbsinteractive/bakery/filters/dash.go:120.2,120.68 1 6
github.com/cbsinteractive/bakery/filters/dash.go:116.50,118.3 1 13
github.com/cbsinteractive/bakery/filters/dash.go:123.89,125.50 2 3
github.com/cbsinteractive/bakery/filters/dash.go:129.2,129.68 1 3
github.com/cbsinteractive/bakery/filters/dash.go:125.50,127.3 1 4
github.com/cbsinteractive/bakery/filters/dash.go:132.91,134.54 2 3
github.com/cbsinteractive/bakery/filters/dash.go:138.2,138.72 1 3
github.com/cbsinteractive/bakery/filters/dash.go:134.54,136.3 1 4
github.com/cbsinteractive/bakery/filters/dash.go:141.106,142.42 1 12
github.com/cbsinteractive/bakery/filters/dash.go:142.42,144.44 2 12
github.com/cbsinteractive/bakery/filters/dash.go:167.3,167.45 1 12
github.com/cbsinteractive/bakery/filters/dash.go:170.3,170.49 1 12
github.com/cbsinteractive/bakery/filters/dash.go:144.44,145.66 1 39
github.com/cbsinteractive/bakery/filters/dash.go:162.4,162.36 1 39
github.com/cbsinteractive/bakery/filters/dash.go:145.66,147.42 2 24
github.com/cbsinteractive/bakery/filters/dash.go:159.5,159.38 1 24
github.com/cbsinteractive/bakery/filters/dash.go:147.42,148.25 1 90
github.com/cbsinteractive/bakery/filters/dash.go:153.6,153.62 1 90
github.com/cbsinteractive/bakery/filters/dash.go:157.6,157.44 1 40
github.com/cbsinteractive/bakery/filters/dash.go:148.25,150.15 2 0
github.com/cbsinteractive/bakery/filters/dash.go:153.62,154.15 1 50
github.com/cbsinteractive/bakery/filters/dash.go:162.36,164.5 1 29
github.com/cbsinteractive/bakery/filters/dash.go:167.45,169.4 1 29
github.com/cbsinteractive/bakery/filters/dash.go:174.100,175.42 1 3
github.com/cbsinteractive/bakery/filters/dash.go:175.42,177.44 2 3
github.com/cbsinteractive/bakery/filters/dash.go:199.3,199.45 1 3
github.com/cbsinteractive/bakery/filters/dash.go:202.3,202.49 1 3
github.com/cbsinteractive/bakery/filters/dash.go:177.44,178.29 1 21
github.com/cbsinteractive/bakery/filters/dash.go:183.4,184.40 2 21
github.com/cbsinteractive/bakery/filters/dash.go:194.4,194.37 1 18
github.com/cbsinteractive/bakery/filters/dash.go:178.29,180.13 2 0
github.com/cbsinteractive/bakery/filters/dash.go:185.26,186.36 1 9
github.com/cbsinteractive/bakery/filters/dash.go:187.28,188.38 1 9
github.com/cbsinteractive/bakery/filters/dash.go:189.12,191.13 2 3
github.com/cbsinteractive/bakery/filters/dash.go:194.37,196.5 1 9
github.com/cbsinteractive/bakery/filters/dash.go:199.45,201.4 1 12
github.com/cbsinteractive/bakery/filters/dash.go:206.103,208.50 2 3
github.com/cbsinteractive/bakery/filters/dash.go:212.2,214.42 3 3
github.com/cbsinteractive/bakery/filters/dash.go:241.2,241.36 1 3
github.com/cbsinteractive/bakery/filters/dash.go:208.50,210.3 1 4
github.com/cbsinteractive/bakery/filters/dash.go:214.42,217.44 3 9
github.com/cbsinteractive/bakery/filters/dash.go:230.3,230.39 1 9
github.com/cbsinteractive/bakery/filters/dash.go:234.3,238.52 4 5
github.com/cbsinteractive/bakery/filters/dash.go:217.44,218.29 1 39
github.com/cbsinteractive/bakery/filters/dash.go:224.4,227.63 3 13
github.com/cbsinteractive/bakery/filters/dash.go:218.29,219.77 1 39
github.com/cbsinteractive/bakery/filters/dash.go:219.77,220.14 1 26
github.com/cbsinteractive/bakery/filters/dash.go:230.39,231.12 1 4
github.com/cbsinteractive/bakery/filters/dash.go:244.88,245.42 1 3
github.com/cbsinteractive/bakery/filters/dash.go:245.42,247.44 2 3
github.com/cbsinteractive/bakery/filters/dash.go:275.3,275.45 1 3
github.com/cbsinteractive/bakery/filters/dash.go:278.3,278.49 1 3
github.com/cbsinteractive/bakery/filters/dash.go:247.44,248.27 1 9
github.com/cbsinteractive/bakery/filters/dash.go:254.4,255.41 2 7
github.com/cbsinteractive/bakery/filters/dash.go:267.4,269.36 2 7
github.com/cbsinteractive/bakery/filters/dash.go:248.27,249.51 1 3
github.com/cbsinteractive/bakery/filters/dash.go:249.51,250.14 1 2
github.com/cbsinteractive/bakery/filters/dash.go:255.41,256.27 1 14
github.com/cbsinteractive/bakery/filters/dash.go:261.5,261.50 1 12
github.com/cbsinteractive/bakery/filters/dash.go:265.5,265.43 1 3
github.com/cbsinteractive/bakery/filters/dash.go:256.27,258.14 2 2
github.com/cbsinteractive/bakery/filters/dash.go:261.50,262.14 1 9
github.com/cbsinteractive/bakery/filters/dash.go:269.36,271.5 1 3
github.com/cbsinteractive/bakery/filters/dash.go:275.45,277.4 1 3
github.com/cbsinteractive/bakery/filters/dash.go:282.88,283.42 1 8
github.com/cbsinteractive/bakery/filters/dash.go:283.42,285.44 2 8
github.com/cbsinteractive/bakery/filters/dash.go:323.3,326.48 2 8
github.com/cbsinteractive/bakery/filters/dash.go:285.44,286.29 1 16
github.com/cbsinteractive/bakery/filters/dash.go:291.4,292.40 2 16
github.com/cbsinteractive/bakery/filters/dash.go:301.4,301.22 1 16
github.com/cbsinteractive/bakery/filters/dash.go:306.4,307.41 2 14
github.com/cbsinteractive/bakery/filters/dash.go:317.4,318.36 2 14
github.com/cbsinteractive/bakery/filters/dash.go:286.29,287.13 1 0
github.com/cbsinteractive/bakery/filters/dash.go:293.26,294.37 1 8
github.com/cbsinteractive/bakery/filters/dash.go:295.26,296.37 1 8
github.com/cbsinteractive/bakery/filters/dash.go:301.22,303.13 2 2
github.com/cbsinteractive/bakery/filters/dash.go:307.41,308.27 1 28
github.com/cbsinteractive/bakery/filters/dash.go:312.5,312.61 1 28
github.com/cbsinteractive/bakery/filters/dash.go:308.27,309.14 1 0
github.com/cbsinteractive/bakery/filters/dash.go:312.61,314.6 1 18
github.com/cbsinteractive/bakery/filters/dash.go:318.36,320.5 1 12
github.com/cbsinteractive/bakery/filters/dash.go:326.48,328.4 1 14
github.com/cbsinteractive/bakery/filters/dash.go:332.47,333.29 1 18
github.com/cbsinteractive/bakery/filters/dash.go:339.2,339.14 1 9
github.com/cbsinteractive/bakery/filters/dash.go:333.29,334.24 1 22
github.com/cbsinteractive/bakery/filters/dash.go:334.24,336.4 1 9
github.com/cbsinteractive/bakery/filters/dash.go:342.89,345.30 1 90
github.com/cbsinteractive/bakery/filters/dash.go:350.2,350.35 1 84
github.com/cbsinteractive/bakery/filters/dash.go:356.2,356.14 1 38
github.com/cbsinteractive/bakery/filters/dash.go:345.30,348.3 2 6
github.com/cbsinteractive/bakery/filters/dash.go:350.35,351.45 1 120
github.com/cbsinteractive/bakery/filters/dash.go:351.45,353.4 1 46
github.com/cbsinteractive/bakery/filters/dash.go:359.53,360.32 1 15
github.com/cbsinteractive/bakery/filters/dash.go:366.2,366.14 1 4
github.com/cbsinteractive/bakery/filters/dash.go:360.32,361.24 1 26
github.com/cbsinteractive/bakery/filters/dash.go:361.24,363.4 1 11
github.com/cbsinteractive/bakery/filters/dash.go:369.31,371.2 1 72
github.com/cbsinteractive/bakery/filters/filter.go:41.59,43.2 1 2171
github.com/cbsinteractive/bakery/filters/filter.go:46.38,50.2 1 331
github.com/cbsinteractive/bakery/filters/filter.go:53.38,57.2 1 275
github.com/cbsinteractive/bakery/filters/filter.go:60.40,63.2 1 69
github.com/cbsinteractive/bakery/filters/filter.go:65.50,67.2 1 279
